# JRE version: OpenJDK Runtime Environment (17.0.6) (build 17.0.6+0-b2043.56-10027231)
# Java VM: OpenJDK 64-Bit Server VM (17.0.6+0-b2043.56-10027231, mixed mode, tiered, compressed oops, compressed class ptrs, g1 gc, windows-amd64)
GC Precious Log:
 CPUs: 12 total, 12 available
 Memory: 16155M
 Large Page Support: Disabled
 NUMA Support: Disabled
 Compressed Oops: Enabled (32-bit)
 Heap Region Size: 1M
 Heap Min Capacity: 8M
 Heap Initial Capacity: 254M
 Heap Max Capacity: 2G
 Pre-touch: Disabled
 Parallel Workers: 10
 Concurrent Workers: 3
 Concurrent Refinement Workers: 10
 Periodic GC: Disabled
Heap:
 garbage-first heap   total 73728K, used 43112K [0x0000000080000000, 0x0000000100000000)
  region size 1024K, 2 young (2048K), 1 survivors (1024K)
 Metaspace       used 60234K, committed 60736K, reserved 1105920K
  class space    used 8000K, committed 8256K, reserved 1048576K
GC Heap History (20 events):
Event: 4.273 GC heap before
{Heap before GC invocations=9 (full 0):
 garbage-first heap   total 68608K, used 48637K [0x0000000080000000, 0x0000000100000000)
  region size 1024K, 28 young (28672K), 3 survivors (3072K)
 Metaspace       used 40365K, committed 40704K, reserved 1089536K
  class space    used 5357K, committed 5504K, reserved 1048576K
}
Event: 4.277 GC heap after
{Heap after GC invocations=10 (full 0):
 garbage-first heap   total 68608K, used 27731K [0x0000000080000000, 0x0000000100000000)
  region size 1024K, 4 young (4096K), 4 survivors (4096K)
 Metaspace       used 40365K, committed 40704K, reserved 1089536K
  class space    used 5357K, committed 5504K, reserved 1048576K
}
Event: 4.632 GC heap before
{Heap before GC invocations=10 (full 0):
 garbage-first heap   total 68608K, used 53331K [0x0000000080000000, 0x0000000100000000)
  region size 1024K, 26 young (26624K), 4 survivors (4096K)
 Metaspace       used 42972K, committed 43392K, reserved 1089536K
  class space    used 5644K, committed 5824K, reserved 1048576K
}
Event: 4.635 GC heap after
{Heap after GC invocations=11 (full 0):
 garbage-first heap   total 68608K, used 29348K [0x0000000080000000, 0x0000000100000000)
  region size 1024K, 3 young (3072K), 3 survivors (3072K)
 Metaspace       used 42972K, committed 43392K, reserved 1089536K
  class space    used 5644K, committed 5824K, reserved 1048576K
}
Event: 4.922 GC heap before
{Heap before GC invocations=11 (full 0):
 garbage-first heap   total 68608K, used 50852K [0x0000000080000000, 0x0000000100000000)
  region size 1024K, 24 young (24576K), 3 survivors (3072K)
 Metaspace       used 45004K, committed 45504K, reserved 1089536K
  class space    used 5864K, committed 6080K, reserved 1048576K
}
Event: 4.926 GC heap after
{Heap after GC invocations=12 (full 0):
 garbage-first heap   total 68608K, used 30801K [0x0000000080000000, 0x0000000100000000)
  region size 1024K, 2 young (2048K), 2 survivors (2048K)
 Metaspace       used 45004K, committed 45504K, reserved 1089536K
  class space    used 5864K, committed 6080K, reserved 1048576K
}
Event: 5.423 GC heap before
{Heap before GC invocations=12 (full 0):
 garbage-first heap   total 68608K, used 51281K [0x0000000080000000, 0x0000000100000000)
  region size 1024K, 23 young (23552K), 2 survivors (2048K)
 Metaspace       used 47721K, committed 48192K, reserved 1097728K
  class space    used 6318K, committed 6528K, reserved 1048576K
}
Event: 5.425 GC heap after
{Heap after GC invocations=13 (full 0):
 garbage-first heap   total 68608K, used 32154K [0x0000000080000000, 0x0000000100000000)
  region size 1024K, 3 young (3072K), 3 survivors (3072K)
 Metaspace       used 47721K, committed 48192K, reserved 1097728K
  class space    used 6318K, committed 6528K, reserved 1048576K
}
Event: 6.181 GC heap before
{Heap before GC invocations=13 (full 0):
 garbage-first heap   total 68608K, used 52634K [0x0000000080000000, 0x0000000100000000)
  region size 1024K, 23 young (23552K), 3 survivors (3072K)
 Metaspace       used 50570K, committed 51008K, reserved 1097728K
  class space    used 6785K, committed 6976K, reserved 1048576K
}
Event: 6.184 GC heap after
{Heap after GC invocations=14 (full 0):
 garbage-first heap   total 68608K, used 33222K [0x0000000080000000, 0x0000000100000000)
  region size 1024K, 3 young (3072K), 3 survivors (3072K)
 Metaspace       used 50570K, committed 51008K, reserved 1097728K
  class space    used 6785K, committed 6976K, reserved 1048576K
}
Event: 8.845 GC heap before
{Heap before GC invocations=14 (full 0):
 garbage-first heap   total 68608K, used 53702K [0x0000000080000000, 0x0000000100000000)
  region size 1024K, 23 young (23552K), 3 survivors (3072K)
 Metaspace       used 52559K, committed 52992K, reserved 1097728K
  class space    used 7038K, committed 7232K, reserved 1048576K
}
Event: 8.848 GC heap after
{Heap after GC invocations=15 (full 0):
 garbage-first heap   total 68608K, used 35286K [0x0000000080000000, 0x0000000100000000)
  region size 1024K, 3 young (3072K), 3 survivors (3072K)
 Metaspace       used 52559K, committed 52992K, reserved 1097728K
  class space    used 7038K, committed 7232K, reserved 1048576K
}
Event: 9.577 GC heap before
{Heap before GC invocations=16 (full 0):
 garbage-first heap   total 68608K, used 53718K [0x0000000080000000, 0x0000000100000000)
  region size 1024K, 21 young (21504K), 3 survivors (3072K)
 Metaspace       used 56720K, committed 57216K, reserved 1105920K
  class space    used 7545K, committed 7808K, reserved 1048576K
}
Event: 9.581 GC heap after
{Heap after GC invocations=17 (full 0):
 garbage-first heap   total 68608K, used 37707K [0x0000000080000000, 0x0000000100000000)
  region size 1024K, 3 young (3072K), 3 survivors (3072K)
 Metaspace       used 56720K, committed 57216K, reserved 1105920K
  class space    used 7545K, committed 7808K, reserved 1048576K
}
Event: 10.183 GC heap before
{Heap before GC invocations=17 (full 0):
 garbage-first heap   total 68608K, used 53067K [0x0000000080000000, 0x0000000100000000)
  region size 1024K, 19 young (19456K), 3 survivors (3072K)
 Metaspace       used 59784K, committed 60224K, reserved 1105920K
  class space    used 7954K, committed 8192K, reserved 1048576K
}
Event: 10.186 GC heap after
{Heap after GC invocations=18 (full 0):
 garbage-first heap   total 68608K, used 39108K [0x0000000080000000, 0x0000000100000000)
  region size 1024K, 2 young (2048K), 2 survivors (2048K)
 Metaspace       used 59784K, committed 60224K, reserved 1105920K
  class space    used 7954K, committed 8192K, reserved 1048576K
}
Event: 10.497 GC heap before
{Heap before GC invocations=19 (full 0):
 garbage-first heap   total 73728K, used 53444K [0x0000000080000000, 0x0000000100000000)
  region size 1024K, 17 young (17408K), 2 survivors (2048K)
 Metaspace       used 60180K, committed 60672K, reserved 1105920K
  class space    used 7998K, committed 8256K, reserved 1048576K
}
Event: 10.500 GC heap after
{Heap after GC invocations=20 (full 0):
 garbage-first heap   total 73728K, used 41470K [0x0000000080000000, 0x0000000100000000)
  region size 1024K, 3 young (3072K), 3 survivors (3072K)
 Metaspace       used 60180K, committed 60672K, reserved 1105920K
  class space    used 7998K, committed 8256K, reserved 1048576K
}
Event: 10.535 GC heap before
{Heap before GC invocations=20 (full 0):
 garbage-first heap   total 73728K, used 42494K [0x0000000080000000, 0x0000000100000000)
  region size 1024K, 6 young (6144K), 3 survivors (3072K)
 Metaspace       used 60230K, committed 60736K, reserved 1105920K
  class space    used 8000K, committed 8256K, reserved 1048576K
}
Event: 10.537 GC heap after
{Heap after GC invocations=21 (full 0):
 garbage-first heap   total 73728K, used 42088K [0x0000000080000000, 0x0000000100000000)
  region size 1024K, 1 young (1024K), 1 survivors (1024K)
 Metaspace       used 60230K, committed 60736K, reserved 1105920K
  class space    used 8000K, committed 8256K, reserved 1048576K
}

